This file contains any messages produced by compilers while
running configure, to aid debugging if configure makes a mistake.

It was created by libsecp256k1 configure 0.1, which was
generated by GNU Autoconf 2.69.  Invocation command line was

  $ ./configure --disable-option-checking --prefix=/usr/local --disable-shared --with-pic --cache-file=/dev/null --srcdir=.

## --------- ##
## Platform. ##
## --------- ##

hostname = hesto2
uname -m = x86_64
uname -r = 4.15.0-74-generic
uname -s = Linux
uname -v = #84-Ubuntu SMP Thu Dec 19 08:06:28 UTC 2019

/usr/bin/uname -p = unknown
/bin/uname -X     = unknown

/bin/arch              = unknown
/usr/bin/arch -k       = unknown
/usr/convex/getsysinfo = unknown
/usr/bin/hostinfo      = unknown
/bin/machine           = unknown
/usr/bin/oslevel       = unknown
/bin/universe          = unknown

PATH: /usr/local/sbin
PATH: /usr/local/bin
PATH: /usr/sbin
PATH: /usr/bin
PATH: /sbin
PATH: /bin
PATH: /usr/games
PATH: /usr/local/games
PATH: /snap/bin


## ----------- ##
## Core tests. ##
## ----------- ##

configure:2292: checking build system type
configure:2306: result: x86_64-pc-linux-gnu
configure:2326: checking host system type
configure:2339: result: x86_64-pc-linux-gnu
configure:2378: checking for a BSD-compatible install
configure:2446: result: /usr/bin/install -c
configure:2457: checking whether build environment is sane
configure:2512: result: yes
configure:2663: checking for a thread-safe mkdir -p
configure:2702: result: /bin/mkdir -p
configure:2709: checking for gawk
configure:2739: result: no
configure:2709: checking for mawk
configure:2725: found /usr/bin/mawk
configure:2736: result: mawk
configure:2747: checking whether make sets $(MAKE)
configure:2769: result: yes
configure:2798: checking whether make supports nested variables
configure:2815: result: yes
configure:2987: checking how to print strings
configure:3014: result: printf
configure:3047: checking for style of include used by make
configure:3075: result: GNU
configure:3146: checking for gcc
configure:3162: found /usr/bin/gcc
configure:3173: result: gcc
configure:3402: checking for C compiler version
configure:3411: gcc --version >&5
gcc (Ubuntu 7.4.0-1ubuntu1~18.04.1) 7.4.0
Copyright (C) 2017 Free Software Foundation, Inc.
This is free software; see the source for copying conditions.  There is NO
warranty; not even for MERCHANTABILITY or FITNESS FOR A PARTICULAR PURPOSE.

configure:3422: $? = 0
configure:3411: gcc -v >&5
Using built-in specs.
COLLECT_GCC=gcc
COLLECT_LTO_WRAPPER=/usr/lib/gcc/x86_64-linux-gnu/7/lto-wrapper
OFFLOAD_TARGET_NAMES=nvptx-none
OFFLOAD_TARGET_DEFAULT=1
Target: x86_64-linux-gnu
Configured with: ../src/configure -v --with-pkgversion='Ubuntu 7.4.0-1ubuntu1~18.04.1' --with-bugurl=file:///usr/share/doc/gcc-7/README.Bugs --enable-languages=c,ada,c++,go,brig,d,fortran,objc,obj-c++ --prefix=/usr --with-gcc-major-version-only --program-suffix=-7 --program-prefix=x86_64-linux-gnu- --enable-shared --enable-linker-build-id --libexecdir=/usr/lib --without-included-gettext --enable-threads=posix --libdir=/usr/lib --enable-nls --with-sysroot=/ --enable-clocale=gnu --enable-libstdcxx-debug --enable-libstdcxx-time=yes --with-default-libstdcxx-abi=new --enable-gnu-unique-object --disable-vtable-verify --enable-libmpx --enable-plugin --enable-default-pie --with-system-zlib --with-target-system-zlib --enable-objc-gc=auto --enable-multiarch --disable-werror --with-arch-32=i686 --with-abi=m64 --with-multilib-list=m32,m64,mx32 --enable-multilib --with-tune=generic --enable-offload-targets=nvptx-none --without-cuda-driver --enable-checking=release --build=x86_64-linux-gnu --host=x86_64-linux-gnu --target=x86_64-linux-gnu
Thread model: posix
gcc version 7.4.0 (Ubuntu 7.4.0-1ubuntu1~18.04.1) 
configure:3422: $? = 0
configure:3411: gcc -V >&5
gcc: error: unrecognized command line option '-V'
gcc: fatal error: no input files
compilation terminated.
configure:3422: $? = 1
configure:3411: gcc -qversion >&5
gcc: error: unrecognized command line option '-qversion'; did you mean '--version'?
gcc: fatal error: no input files
compilation terminated.
configure:3422: $? = 1
configure:3442: checking whether the C compiler works
configure:3464: gcc    conftest.c  >&5
configure:3468: $? = 0
configure:3516: result: yes
configure:3519: checking for C compiler default output file name
configure:3521: result: a.out
configure:3527: checking for suffix of executables
configure:3534: gcc -o conftest    conftest.c  >&5
configure:3538: $? = 0
configure:3560: result: 
configure:3582: checking whether we are cross compiling
configure:3590: gcc -o conftest    conftest.c  >&5
configure:3594: $? = 0
configure:3601: ./conftest
configure:3605: $? = 0
configure:3620: result: no
configure:3625: checking for suffix of object files
configure:3647: gcc -c   conftest.c >&5
configure:3651: $? = 0
configure:3672: result: o
configure:3676: checking whether we are using the GNU C compiler
configure:3695: gcc -c   conftest.c >&5
configure:3695: $? = 0
configure:3704: result: yes
configure:3713: checking whether gcc accepts -g
configure:3733: gcc -c -g  conftest.c >&5
configure:3733: $? = 0
configure:3774: result: yes
configure:3791: checking for gcc option to accept ISO C89
configure:3854: gcc  -c -g -O2  conftest.c >&5
configure:3854: $? = 0
configure:3867: result: none needed
configure:3892: checking whether gcc understands -c and -o together
configure:3914: gcc -c conftest.c -o conftest2.o
configure:3917: $? = 0
configure:3914: gcc -c conftest.c -o conftest2.o
configure:3917: $? = 0
configure:3929: result: yes
configure:3948: checking dependency style of gcc
configure:4059: result: gcc3
configure:4074: checking for a sed that does not truncate output
configure:4138: result: /bin/sed
configure:4156: checking for grep that handles long lines and -e
configure:4214: result: /bin/grep
configure:4219: checking for egrep
configure:4281: result: /bin/grep -E
configure:4286: checking for fgrep
configure:4348: result: /bin/grep -F
configure:4383: checking for ld used by gcc
configure:4450: result: /usr/bin/ld
configure:4457: checking if the linker (/usr/bin/ld) is GNU ld
configure:4472: result: yes
configure:4484: checking for BSD- or MS-compatible name lister (nm)
configure:4538: result: /usr/bin/nm -B
configure:4668: checking the name lister (/usr/bin/nm -B) interface
configure:4675: gcc -c -g -O2  conftest.c >&5
configure:4678: /usr/bin/nm -B "conftest.o"
configure:4681: output
0000000000000000 B some_variable
configure:4688: result: BSD nm
configure:4691: checking whether ln -s works
configure:4695: result: yes
configure:4703: checking the maximum length of command line arguments
configure:4834: result: 1572864
configure:4882: checking how to convert x86_64-pc-linux-gnu file names to x86_64-pc-linux-gnu format
configure:4922: result: func_convert_file_noop
configure:4929: checking how to convert x86_64-pc-linux-gnu file names to toolchain format
configure:4949: result: func_convert_file_noop
configure:4956: checking for /usr/bin/ld option to reload object files
configure:4963: result: -r
configure:5037: checking for objdump
configure:5053: found /usr/bin/objdump
configure:5064: result: objdump
configure:5096: checking how to recognize dependent libraries
configure:5296: result: pass_all
configure:5381: checking for dlltool
configure:5411: result: no
configure:5441: checking how to associate runtime and link libraries
configure:5468: result: printf %s\n
configure:5529: checking for ar
configure:5545: found /usr/bin/ar
configure:5556: result: ar
configure:5593: checking for archiver @FILE support
configure:5610: gcc -c -g -O2  conftest.c >&5
configure:5610: $? = 0
configure:5613: ar cru libconftest.a @conftest.lst >&5
ar: `u' modifier ignored since `D' is the default (see `U')
configure:5616: $? = 0
configure:5621: ar cru libconftest.a @conftest.lst >&5
ar: `u' modifier ignored since `D' is the default (see `U')
ar: conftest.o: No such file or directory
configure:5624: $? = 1
configure:5636: result: @
configure:5694: checking for strip
configure:5710: found /usr/bin/strip
configure:5721: result: strip
configure:5793: checking for ranlib
configure:5809: found /usr/bin/ranlib
configure:5820: result: ranlib
configure:5922: checking command to parse /usr/bin/nm -B output from gcc object
configure:6075: gcc -c -g -O2  conftest.c >&5
configure:6078: $? = 0
configure:6082: /usr/bin/nm -B conftest.o \| sed -n -e 's/^.*[ ]\([ABCDGIRSTW][ABCDGIRSTW]*\)[ ][ ]*\([_A-Za-z][_A-Za-z0-9]*\)$/\1 \2 \2/p' | sed '/ __gnu_lto/d' \> conftest.nm
configure:6085: $? = 0
configure:6151: gcc -o conftest -g -O2   conftest.c conftstm.o >&5
configure:6154: $? = 0
configure:6192: result: ok
configure:6239: checking for sysroot
configure:6269: result: no
configure:6276: checking for a working dd
configure:6314: result: /bin/dd
configure:6318: checking how to truncate binary pipes
configure:6333: result: /bin/dd bs=4096 count=1
configure:6469: gcc -c -g -O2  conftest.c >&5
configure:6472: $? = 0
configure:6662: checking for mt
configure:6678: found /bin/mt
configure:6689: result: mt
configure:6712: checking if mt is a manifest tool
configure:6718: mt '-?'
configure:6726: result: no
configure:7403: checking how to run the C preprocessor
configure:7434: gcc -E  conftest.c
configure:7434: $? = 0
configure:7448: gcc -E  conftest.c
conftest.c:11:10: fatal error: ac_nonexistent.h: No such file or directory
 #include <ac_nonexistent.h>
          ^~~~~~~~~~~~~~~~~~
compilation terminated.
configure:7448: $? = 1
configure: failed program was:
| /* confdefs.h */
| #define PACKAGE_NAME "libsecp256k1"
| #define PACKAGE_TARNAME "libsecp256k1"
| #define PACKAGE_VERSION "0.1"
| #define PACKAGE_STRING "libsecp256k1 0.1"
| #define PACKAGE_BUGREPORT ""
| #define PACKAGE_URL ""
| #define PACKAGE "libsecp256k1"
| #define VERSION "0.1"
| /* end confdefs.h.  */
| #include <ac_nonexistent.h>
configure:7473: result: gcc -E
configure:7493: gcc -E  conftest.c
configure:7493: $? = 0
configure:7507: gcc -E  conftest.c
conftest.c:11:10: fatal error: ac_nonexistent.h: No such file or directory
 #include <ac_nonexistent.h>
          ^~~~~~~~~~~~~~~~~~
compilation terminated.
configure:7507: $? = 1
configure: failed program was:
| /* confdefs.h */
| #define PACKAGE_NAME "libsecp256k1"
| #define PACKAGE_TARNAME "libsecp256k1"
| #define PACKAGE_VERSION "0.1"
| #define PACKAGE_STRING "libsecp256k1 0.1"
| #define PACKAGE_BUGREPORT ""
| #define PACKAGE_URL ""
| #define PACKAGE "libsecp256k1"
| #define VERSION "0.1"
| /* end confdefs.h.  */
| #include <ac_nonexistent.h>
configure:7536: checking for ANSI C header files
configure:7556: gcc -c -g -O2  conftest.c >&5
configure:7556: $? = 0
configure:7629: gcc -o conftest -g -O2   conftest.c  >&5
configure:7629: $? = 0
configure:7629: ./conftest
configure:7629: $? = 0
configure:7640: result: yes
configure:7653: checking for sys/types.h
configure:7653: gcc -c -g -O2  conftest.c >&5
configure:7653: $? = 0
configure:7653: result: yes
configure:7653: checking for sys/stat.h
configure:7653: gcc -c -g -O2  conftest.c >&5
configure:7653: $? = 0
configure:7653: result: yes
configure:7653: checking for stdlib.h
configure:7653: gcc -c -g -O2  conftest.c >&5
configure:7653: $? = 0
configure:7653: result: yes
configure:7653: checking for string.h
configure:7653: gcc -c -g -O2  conftest.c >&5
configure:7653: $? = 0
configure:7653: result: yes
configure:7653: checking for memory.h
configure:7653: gcc -c -g -O2  conftest.c >&5
configure:7653: $? = 0
configure:7653: result: yes
configure:7653: checking for strings.h
configure:7653: gcc -c -g -O2  conftest.c >&5
configure:7653: $? = 0
configure:7653: result: yes
configure:7653: checking for inttypes.h
configure:7653: gcc -c -g -O2  conftest.c >&5
configure:7653: $? = 0
configure:7653: result: yes
configure:7653: checking for stdint.h
configure:7653: gcc -c -g -O2  conftest.c >&5
configure:7653: $? = 0
configure:7653: result: yes
configure:7653: checking for unistd.h
configure:7653: gcc -c -g -O2  conftest.c >&5
configure:7653: $? = 0
configure:7653: result: yes
configure:7667: checking for dlfcn.h
configure:7667: gcc -c -g -O2  conftest.c >&5
configure:7667: $? = 0
configure:7667: result: yes
configure:7923: checking for objdir
configure:7938: result: .libs
configure:8202: checking if gcc supports -fno-rtti -fno-exceptions
configure:8220: gcc -c -g -O2  -fno-rtti -fno-exceptions conftest.c >&5
cc1: warning: command line option '-fno-rtti' is valid for C++/ObjC++ but not for C
configure:8224: $? = 0
configure:8237: result: no
configure:8595: checking for gcc option to produce PIC
configure:8602: result: -fPIC -DPIC
configure:8610: checking if gcc PIC flag -fPIC -DPIC works
configure:8628: gcc -c -g -O2  -fPIC -DPIC -DPIC conftest.c >&5
configure:8632: $? = 0
configure:8645: result: yes
configure:8674: checking if gcc static flag -static works
configure:8702: result: yes
configure:8717: checking if gcc supports -c -o file.o
configure:8738: gcc -c -g -O2  -o out/conftest2.o conftest.c >&5
configure:8742: $? = 0
configure:8764: result: yes
configure:8772: checking if gcc supports -c -o file.o
configure:8819: result: yes
configure:8852: checking whether the gcc linker (/usr/bin/ld -m elf_x86_64) supports shared libraries
configure:10115: result: yes
configure:10355: checking dynamic linker characteristics
configure:10936: gcc -o conftest -g -O2   -Wl,-rpath -Wl,/foo conftest.c  >&5
configure:10936: $? = 0
configure:11185: result: GNU/Linux ld.so
configure:11307: checking how to hardcode library paths into programs
configure:11332: result: immediate
configure:11880: checking whether stripping libraries is possible
configure:11885: result: yes
configure:11920: checking if libtool supports shared libraries
configure:11922: result: yes
configure:11925: checking whether to build shared libraries
configure:11950: result: no
configure:11953: checking whether to build static libraries
configure:11957: result: yes
configure:12006: checking whether make supports nested variables
configure:12023: result: yes
configure:12083: checking for ar
configure:12101: found /usr/bin/ar
configure:12113: result: /usr/bin/ar
configure:12181: checking for ranlib
configure:12199: found /usr/bin/ranlib
configure:12211: result: /usr/bin/ranlib
configure:12279: checking for strip
configure:12297: found /usr/bin/strip
configure:12309: result: /usr/bin/strip
configure:12332: checking for gcc option to accept ISO C99
configure:12481: gcc  -c -g -O2  conftest.c >&5
configure:12481: $? = 0
configure:12494: result: none needed
configure:12632: checking if gcc supports -Wall -Wextra -Wcast-align -Wnested-externs -Wshadow -Wstrict-prototypes -Wno-unused-function
configure:12638: gcc -c -g -O2 -W -Wall -Wextra -Wcast-align -Wnested-externs -Wshadow -Wstrict-prototypes -Wno-unused-function  conftest.c >&5
configure:12638: $? = 0
configure:12639: result: yes
configure:12701: checking for __int128
configure:12701: gcc -c -g -O2 -W -Wall -Wextra -Wcast-align -Wnested-externs -Wshadow -Wstrict-prototypes -Wno-unused-function  conftest.c >&5
conftest.c:57:1: warning: function declaration isn't a prototype [-Wstrict-prototypes]
 main ()
 ^~~~
configure:12701: $? = 0
configure:12701: gcc -c -g -O2 -W -Wall -Wextra -Wcast-align -Wnested-externs -Wshadow -Wstrict-prototypes -Wno-unused-function  conftest.c >&5
conftest.c:57:1: warning: function declaration isn't a prototype [-Wstrict-prototypes]
 main ()
 ^~~~
conftest.c: In function 'main':
conftest.c:59:23: error: expected expression before ')' token
 if (sizeof ((__int128)))
                       ^
configure:12701: $? = 1
configure: failed program was:
| /* confdefs.h */
| #define PACKAGE_NAME "libsecp256k1"
| #define PACKAGE_TARNAME "libsecp256k1"
| #define PACKAGE_VERSION "0.1"
| #define PACKAGE_STRING "libsecp256k1 0.1"
| #define PACKAGE_BUGREPORT ""
| #define PACKAGE_URL ""
| #define PACKAGE "libsecp256k1"
| #define VERSION "0.1"
| #define STDC_HEADERS 1
| #define HAVE_SYS_TYPES_H 1
| #define HAVE_SYS_STAT_H 1
| #define HAVE_STDLIB_H 1
| #define HAVE_STRING_H 1
| #define HAVE_MEMORY_H 1
| #define HAVE_STRINGS_H 1
| #define HAVE_INTTYPES_H 1
| #define HAVE_STDINT_H 1
| #define HAVE_UNISTD_H 1
| #define HAVE_DLFCN_H 1
| #define LT_OBJDIR ".libs/"
| /* end confdefs.h.  */
| #include <stdio.h>
| #ifdef HAVE_SYS_TYPES_H
| # include <sys/types.h>
| #endif
| #ifdef HAVE_SYS_STAT_H
| # include <sys/stat.h>
| #endif
| #ifdef STDC_HEADERS
| # include <stdlib.h>
| # include <stddef.h>
| #else
| # ifdef HAVE_STDLIB_H
| #  include <stdlib.h>
| # endif
| #endif
| #ifdef HAVE_STRING_H
| # if !defined STDC_HEADERS && defined HAVE_MEMORY_H
| #  include <memory.h>
| # endif
| # include <string.h>
| #endif
| #ifdef HAVE_STRINGS_H
| # include <strings.h>
| #endif
| #ifdef HAVE_INTTYPES_H
| # include <inttypes.h>
| #endif
| #ifdef HAVE_STDINT_H
| # include <stdint.h>
| #endif
| #ifdef HAVE_UNISTD_H
| # include <unistd.h>
| #endif
| int
| main ()
| {
| if (sizeof ((__int128)))
| 	    return 0;
|   ;
|   return 0;
| }
configure:12701: result: yes
configure:12712: checking whether __builtin_expect is declared
configure:12712: gcc -c -g -O2 -W -Wall -Wextra -Wcast-align -Wnested-externs -Wshadow -Wstrict-prototypes -Wno-unused-function  conftest.c >&5
conftest.c:58:1: warning: function declaration isn't a prototype [-Wstrict-prototypes]
 main ()
 ^~~~
configure:12712: $? = 0
configure:12712: result: yes
configure:12912: Using field implementation: 32bit
configure:12914: Using bignum implementation: none
configure:12916: Using scalar implementation: 32bit
configure:13066: checking that generated files are newer than configure
configure:13072: result: done
configure:13107: creating ./config.status

## ---------------------- ##
## Running config.status. ##
## ---------------------- ##

This file was extended by libsecp256k1 config.status 0.1, which was
generated by GNU Autoconf 2.69.  Invocation command line was

  CONFIG_FILES    = 
  CONFIG_HEADERS  = 
  CONFIG_LINKS    = 
  CONFIG_COMMANDS = 
  $ ./config.status 

on hesto2

config.status:1105: creating Makefile
config.status:1105: creating libsecp256k1.pc
config.status:1105: creating src/libsecp256k1-config.h
config.status:1286: src/libsecp256k1-config.h is unchanged
config.status:1334: executing depfiles commands
config.status:1334: executing libtool commands

## ---------------- ##
## Cache variables. ##
## ---------------- ##

ac_cv_build=x86_64-pc-linux-gnu
ac_cv_c_compiler_gnu=yes
ac_cv_env_CC_set=
ac_cv_env_CC_value=
ac_cv_env_CFLAGS_set=
ac_cv_env_CFLAGS_value=
ac_cv_env_CPPFLAGS_set=
ac_cv_env_CPPFLAGS_value=
ac_cv_env_CPP_set=
ac_cv_env_CPP_value=
ac_cv_env_LDFLAGS_set=
ac_cv_env_LDFLAGS_value=
ac_cv_env_LIBS_set=
ac_cv_env_LIBS_value=
ac_cv_env_LT_SYS_LIBRARY_PATH_set=
ac_cv_env_LT_SYS_LIBRARY_PATH_value=
ac_cv_env_build_alias_set=
ac_cv_env_build_alias_value=
ac_cv_env_host_alias_set=
ac_cv_env_host_alias_value=
ac_cv_env_target_alias_set=
ac_cv_env_target_alias_value=
ac_cv_have_decl___builtin_expect=yes
ac_cv_header_dlfcn_h=yes
ac_cv_header_inttypes_h=yes
ac_cv_header_memory_h=yes
ac_cv_header_stdc=yes
ac_cv_header_stdint_h=yes
ac_cv_header_stdlib_h=yes
ac_cv_header_string_h=yes
ac_cv_header_strings_h=yes
ac_cv_header_sys_stat_h=yes
ac_cv_header_sys_types_h=yes
ac_cv_header_unistd_h=yes
ac_cv_host=x86_64-pc-linux-gnu
ac_cv_objext=o
ac_cv_path_EGREP='/bin/grep -E'
ac_cv_path_FGREP='/bin/grep -F'
ac_cv_path_GREP=/bin/grep
ac_cv_path_SED=/bin/sed
ac_cv_path_ac_pt_AR=/usr/bin/ar
ac_cv_path_ac_pt_RANLIB=/usr/bin/ranlib
ac_cv_path_ac_pt_STRIP=/usr/bin/strip
ac_cv_path_install='/usr/bin/install -c'
ac_cv_path_lt_DD=/bin/dd
ac_cv_path_mkdir=/bin/mkdir
ac_cv_prog_AWK=mawk
ac_cv_prog_CPP='gcc -E'
ac_cv_prog_ac_ct_AR=ar
ac_cv_prog_ac_ct_CC=gcc
ac_cv_prog_ac_ct_MANIFEST_TOOL=mt
ac_cv_prog_ac_ct_OBJDUMP=objdump
ac_cv_prog_ac_ct_RANLIB=ranlib
ac_cv_prog_ac_ct_STRIP=strip
ac_cv_prog_cc_c89=
ac_cv_prog_cc_c99=
ac_cv_prog_cc_g=yes
ac_cv_prog_make_make_set=yes
ac_cv_type___int128=yes
am_cv_CC_dependencies_compiler_type=gcc3
am_cv_make_support_nested_variables=yes
am_cv_prog_cc_c_o=yes
lt_cv_ar_at_file=@
lt_cv_deplibs_check_method=pass_all
lt_cv_file_magic_cmd='$MAGIC_CMD'
lt_cv_file_magic_test_file=
lt_cv_ld_reload_flag=-r
lt_cv_nm_interface='BSD nm'
lt_cv_objdir=.libs
lt_cv_path_LD=/usr/bin/ld
lt_cv_path_NM='/usr/bin/nm -B'
lt_cv_path_mainfest_tool=no
lt_cv_prog_compiler_c_o=yes
lt_cv_prog_compiler_pic='-fPIC -DPIC'
lt_cv_prog_compiler_pic_works=yes
lt_cv_prog_compiler_rtti_exceptions=no
lt_cv_prog_compiler_static_works=yes
lt_cv_prog_gnu_ld=yes
lt_cv_sharedlib_from_linklib_cmd='printf %s\n'
lt_cv_shlibpath_overrides_runpath=yes
lt_cv_sys_global_symbol_pipe='sed -n -e '\''s/^.*[	 ]\([ABCDGIRSTW][ABCDGIRSTW]*\)[	 ][	 ]*\([_A-Za-z][_A-Za-z0-9]*\)$/\1 \2 \2/p'\'' | sed '\''/ __gnu_lto/d'\'''
lt_cv_sys_global_symbol_to_c_name_address='sed -n -e '\''s/^: \(.*\) .*$/  {"\1", (void *) 0},/p'\'' -e '\''s/^[ABCDGIRSTW][ABCDGIRSTW]* .* \(.*\)$/  {"\1", (void *) \&\1},/p'\'''
lt_cv_sys_global_symbol_to_c_name_address_lib_prefix='sed -n -e '\''s/^: \(.*\) .*$/  {"\1", (void *) 0},/p'\'' -e '\''s/^[ABCDGIRSTW][ABCDGIRSTW]* .* \(lib.*\)$/  {"\1", (void *) \&\1},/p'\'' -e '\''s/^[ABCDGIRSTW][ABCDGIRSTW]* .* \(.*\)$/  {"lib\1", (void *) \&\1},/p'\'''
lt_cv_sys_global_symbol_to_cdecl='sed -n -e '\''s/^T .* \(.*\)$/extern int \1();/p'\'' -e '\''s/^[ABCDGIRSTW][ABCDGIRSTW]* .* \(.*\)$/extern char \1;/p'\'''
lt_cv_sys_global_symbol_to_import=
lt_cv_sys_max_cmd_len=1572864
lt_cv_to_host_file_cmd=func_convert_file_noop
lt_cv_to_tool_file_cmd=func_convert_file_noop
lt_cv_truncate_bin='/bin/dd bs=4096 count=1'

## ----------------- ##
## Output variables. ##
## ----------------- ##

ACLOCAL='${SHELL} /home/mb/lin/qoinz-core/src/secp256k1/build-aux/missing aclocal-1.15'
AMDEPBACKSLASH='\'
AMDEP_FALSE='#'
AMDEP_TRUE=''
AMTAR='$${TAR-tar}'
AM_BACKSLASH='\'
AM_DEFAULT_V='$(AM_DEFAULT_VERBOSITY)'
AM_DEFAULT_VERBOSITY='0'
AM_V='$(V)'
AR='/usr/bin/ar'
AUTOCONF='${SHELL} /home/mb/lin/qoinz-core/src/secp256k1/build-aux/missing autoconf'
AUTOHEADER='${SHELL} /home/mb/lin/qoinz-core/src/secp256k1/build-aux/missing autoheader'
AUTOMAKE='${SHELL} /home/mb/lin/qoinz-core/src/secp256k1/build-aux/missing automake-1.15'
AWK='mawk'
BREW=''
CC='gcc'
CCDEPMODE='depmode=gcc3'
CFLAGS='-g -O2 -W -Wall -Wextra -Wcast-align -Wnested-externs -Wshadow -Wstrict-prototypes -Wno-unused-function'
CPP='gcc -E'
CPPFLAGS=''
CYGPATH_W='echo'
DEFS='-DHAVE_CONFIG_H'
DEPDIR='.deps'
DLLTOOL='false'
DSYMUTIL=''
DUMPBIN=''
ECHO_C=''
ECHO_N='-n'
ECHO_T=''
EGREP='/bin/grep -E'
EXEEXT=''
FGREP='/bin/grep -F'
GREP='/bin/grep'
INSTALL_DATA='${INSTALL} -m 644'
INSTALL_PROGRAM='${INSTALL}'
INSTALL_SCRIPT='${INSTALL}'
INSTALL_STRIP_PROGRAM='$(install_sh) -c -s'
LD='/usr/bin/ld -m elf_x86_64'
LDFLAGS=''
LIBOBJS=''
LIBS=''
LIBTOOL='$(SHELL) $(top_builddir)/libtool'
LIPO=''
LN_S='ln -s'
LTLIBOBJS=''
LT_SYS_LIBRARY_PATH=''
MAKEINFO='${SHELL} /home/mb/lin/qoinz-core/src/secp256k1/build-aux/missing makeinfo'
MANIFEST_TOOL=':'
MKDIR_P='/bin/mkdir -p'
NM='/usr/bin/nm -B'
NMEDIT=''
OBJDUMP='objdump'
OBJEXT='o'
OTOOL64=''
OTOOL=''
PACKAGE='libsecp256k1'
PACKAGE_BUGREPORT=''
PACKAGE_NAME='libsecp256k1'
PACKAGE_STRING='libsecp256k1 0.1'
PACKAGE_TARNAME='libsecp256k1'
PACKAGE_URL=''
PACKAGE_VERSION='0.1'
PATH_SEPARATOR=':'
PORT=''
RANLIB='/usr/bin/ranlib'
SECP_INCLUDES=''
SECP_LIBS=''
SECP_TEST_INCLUDES=''
SECP_TEST_LIBS=''
SED='/bin/sed'
SET_MAKE=''
SHELL='/bin/bash'
STRIP='/usr/bin/strip'
USE_ASM_FALSE=''
USE_ASM_TRUE='#'
USE_BENCHMARK_FALSE='#'
USE_BENCHMARK_TRUE=''
USE_TESTS_FALSE='#'
USE_TESTS_TRUE=''
VERSION='0.1'
YASM_BINFMT=''
ac_ct_AR='ar'
ac_ct_CC='gcc'
ac_ct_DUMPBIN=''
am__EXEEXT_FALSE=''
am__EXEEXT_TRUE='#'
am__fastdepCC_FALSE='#'
am__fastdepCC_TRUE=''
am__include='include'
am__isrc=''
am__leading_dot='.'
am__nodep='_no'
am__quote=''
am__tar='$${TAR-tar} chof - "$$tardir"'
am__untar='$${TAR-tar} xf -'
bindir='${exec_prefix}/bin'
build='x86_64-pc-linux-gnu'
build_alias=''
build_cpu='x86_64'
build_os='linux-gnu'
build_vendor='pc'
datadir='${datarootdir}'
datarootdir='${prefix}/share'
docdir='${datarootdir}/doc/${PACKAGE_TARNAME}'
dvidir='${docdir}'
exec_prefix='${prefix}'
host='x86_64-pc-linux-gnu'
host_alias=''
host_cpu='x86_64'
host_os='linux-gnu'
host_vendor='pc'
htmldir='${docdir}'
includedir='${prefix}/include'
infodir='${datarootdir}/info'
install_sh='${SHELL} /home/mb/lin/qoinz-core/src/secp256k1/build-aux/install-sh'
libdir='${exec_prefix}/lib'
libexecdir='${exec_prefix}/libexec'
localedir='${datarootdir}/locale'
localstatedir='${prefix}/var'
mandir='${datarootdir}/man'
mkdir_p='$(MKDIR_P)'
oldincludedir='/usr/include'
pdfdir='${docdir}'
prefix='/usr/local'
program_transform_name='s,x,x,'
psdir='${docdir}'
runstatedir='${localstatedir}/run'
sbindir='${exec_prefix}/sbin'
sharedstatedir='${prefix}/com'
sysconfdir='${prefix}/etc'
target_alias=''

## ----------- ##
## confdefs.h. ##
## ----------- ##

/* confdefs.h */
#define PACKAGE_NAME "libsecp256k1"
#define PACKAGE_TARNAME "libsecp256k1"
#define PACKAGE_VERSION "0.1"
#define PACKAGE_STRING "libsecp256k1 0.1"
#define PACKAGE_BUGREPORT ""
#define PACKAGE_URL ""
#define PACKAGE "libsecp256k1"
#define VERSION "0.1"
#define STDC_HEADERS 1
#define HAVE_SYS_TYPES_H 1
#define HAVE_SYS_STAT_H 1
#define HAVE_STDLIB_H 1
#define HAVE_STRING_H 1
#define HAVE_MEMORY_H 1
#define HAVE_STRINGS_H 1
#define HAVE_INTTYPES_H 1
#define HAVE_STDINT_H 1
#define HAVE_UNISTD_H 1
#define HAVE_DLFCN_H 1
#define LT_OBJDIR ".libs/"
#define HAVE___INT128 1
#define HAVE_BUILTIN_EXPECT 1
#define USE_FIELD_10X26 1
#define USE_NUM_NONE 1
#define USE_FIELD_INV_BUILTIN 1
#define USE_SCALAR_INV_BUILTIN 1
#define USE_SCALAR_8X32 1

configure: exit 0
